*** Using Compiler 'V5.06 update 5 (build 528)', folder: 'D:\Qianrushi\ARM\ARMCC\Bin'
Build target 'Target 1'
compiling bsp_spi.c...
BSP\bsp_spi.h(114): warning:  #1-D: last line of file ends without a newline
  #endif /* __SPI_H */
BSP\bsp_spi.c(255): warning:  #1-D: last line of file ends without a newline
  }
BSP\bsp_spi.c: 2 warnings, 0 errors
compiling W25Q64.c...
.\BSP\bsp_spi.h(114): warning:  #1-D: last line of file ends without a newline
  #endif /* __SPI_H */
.\Driver\W25Q64.h(165): warning:  #1-D: last line of file ends without a newline
  #endif /* __W25Q64_H */
Drier\W25Q64.c(668): warning:  #1-D: last line of file ends without a newline
  }
Drier\W25Q64.c(36): warning:  #550-D: variable "g_DirDirty"  was set but never used
  static uint8_t           g_DirDirty     = 0;                  /* 目录是否需回写 */
Drier\W25Q64.c: 4 warnings, 0 errors
linking...
Program Size: Code=196848 RO-data=30204 RW-data=872 ZI-data=51072  
FromELF: creating hex file...
".\Objects\project.axf" - 0 Error(s), 6 Warning(s).
Build Time Elapsed:  00:00:17
